<?xml version="1.0" encoding="UTF-8"?>
<!-- Generated by org.testng.reporters.JUnitReportReporter -->
<testsuite hostname="DESKTOP-M1AAM1H" failures="0" tests="1" name="com.test.RestAssured.Test_POST" time="2.862" errors="0" timestamp="2020-06-27T19:02:51 IST" skipped="0">
  <testcase classname="com.test.RestAssured.Test_POST" name="postTest_01" time="2.862"/>
  <system-out/>
</testsuite> <!-- com.test.RestAssured.Test_POST -->
