<?xml version="1.0" encoding="UTF-8"?>
<!-- Generated by org.testng.reporters.JUnitReportReporter -->
<testsuite hostname="DESKTOP-M1AAM1H" failures="0" tests="6" name="com.test.RestAssured.Test_GET" time="6.238" errors="0" timestamp="2020-06-29T15:07:55 IST" skipped="0">
  <testcase classname="com.test.RestAssured.Test_GET" name="test_03_users" time="0.407"/>
  <system-out/>
  <testcase classname="com.test.RestAssured.Test_GET" name="test_01" time="2.114"/>
  <system-out/>
  <testcase classname="com.test.RestAssured.Test_GET" name="test_05_colors" time="0.281"/>
  <system-out/>
  <testcase classname="com.test.RestAssured.Test_GET" name="test_02_employee24" time="2.440"/>
  <system-out/>
  <testcase classname="com.test.RestAssured.Test_GET" name="test_06_colors2" time="0.768"/>
  <system-out/>
  <testcase classname="com.test.RestAssured.Test_GET" name="test_04_Example2" time="0.228"/>
  <system-out/>
</testsuite> <!-- com.test.RestAssured.Test_GET -->
