<?xml version="1.0" encoding="UTF-8"?>
<!-- Generated by org.testng.reporters.JUnitReportReporter -->
<testsuite hostname="DESKTOP-M1AAM1H" failures="0" tests="6" name="com.test.RestAssured.Test01_GET" time="4.580" errors="0" timestamp="2020-06-27T14:57:04 IST" skipped="0">
  <testcase classname="com.test.RestAssured.Test01_GET" name="test_04" time="0.189"/>
  <system-out/>
  <testcase classname="com.test.RestAssured.Test01_GET" name="test_05" time="0.166"/>
  <system-out/>
  <testcase classname="com.test.RestAssured.Test01_GET" name="test_02" time="1.796"/>
  <system-out/>
  <testcase classname="com.test.RestAssured.Test01_GET" name="test_06" time="0.239"/>
  <system-out/>
  <testcase classname="com.test.RestAssured.Test01_GET" name="test_03" time="0.327"/>
  <system-out/>
  <testcase classname="com.test.RestAssured.Test01_GET" name="test_01" time="1.863"/>
  <system-out/>
</testsuite> <!-- com.test.RestAssured.Test01_GET -->
