<?xml version="1.0" encoding="UTF-8"?>
<!-- Generated by org.testng.reporters.JUnitReportReporter -->
<testsuite hostname="DESKTOP-M1AAM1H" failures="0" tests="6" name="restAssuredTestingt.Test01_GET" time="3.808" errors="0" timestamp="2020-06-26T12:19:42 IST" skipped="0">
  <testcase classname="restAssuredTestingt.Test01_GET" name="test_01" time="1.968"/>
  <system-out/>
  <testcase classname="restAssuredTestingt.Test01_GET" name="test_02" time="1.218"/>
  <system-out/>
  <testcase classname="restAssuredTestingt.Test01_GET" name="test_04" time="0.120"/>
  <system-out/>
  <testcase classname="restAssuredTestingt.Test01_GET" name="test_03" time="0.189"/>
  <system-out/>
  <testcase classname="restAssuredTestingt.Test01_GET" name="test_05" time="0.232"/>
  <system-out/>
  <testcase classname="restAssuredTestingt.Test01_GET" name="test_06" time="0.081"/>
  <system-out/>
</testsuite> <!-- restAssuredTestingt.Test01_GET -->
